<testsuites id="" name="" tests="76" failures="19" skipped="18" errors="0" time="70.220074">
<testsuite name="admin.spec.ts" timestamp="2026-01-30T08:00:27.975Z" hostname="chromium" tests="14" failures="0" skipped="13" time="10.876" errors="0">
<testcase name="Admin Pages › Authentication › should redirect to login when accessing admin without auth" classname="admin.spec.ts" time="4.321">
</testcase>
<testcase name="Admin Pages › Authentication › should display admin dashboard when authenticated" classname="admin.spec.ts" time="0.931">
<properties>
<property name="skip" value="Requires admin authentication setup">
</property>
</properties>
<skipped>
</skipped>
</testcase>
<testcase name="Admin Pages › Admin Dashboard › should display analytics cards" classname="admin.spec.ts" time="0.93">
<properties>
<property name="skip" value="Requires admin authentication">
</property>
</properties>
<skipped>
</skipped>
</testcase>
<testcase name="Admin Pages › Admin Dashboard › should display sales chart" classname="admin.spec.ts" time="0.838">
<properties>
<property name="skip" value="Requires admin authentication">
</property>
</properties>
<skipped>
</skipped>
</testcase>
<testcase name="Admin Pages › Admin Products › should display products list" classname="admin.spec.ts" time="0.932">
<properties>
<property name="skip" value="Requires admin authentication">
</property>
</properties>
<skipped>
</skipped>
</testcase>
<testcase name="Admin Pages › Admin Products › should navigate to product creation page" classname="admin.spec.ts" time="0.845">
<properties>
<property name="skip" value="Requires admin authentication">
</property>
</properties>
<skipped>
</skipped>
</testcase>
<testcase name="Admin Pages › Admin Orders › should display orders list" classname="admin.spec.ts" time="0.292">
<properties>
<property name="skip" value="Requires admin authentication">
</property>
</properties>
<skipped>
</skipped>
</testcase>
<testcase name="Admin Pages › Admin Orders › should filter orders by status" classname="admin.spec.ts" time="0.271">
<properties>
<property name="skip" value="Requires admin authentication">
</property>
</properties>
<skipped>
</skipped>
</testcase>
<testcase name="Admin Pages › Admin Categories › should display categories list" classname="admin.spec.ts" time="0.142">
<properties>
<property name="skip" value="Requires admin authentication">
</property>
</properties>
<skipped>
</skipped>
</testcase>
<testcase name="Admin Pages › Admin Categories › should create new category" classname="admin.spec.ts" time="0.341">
<properties>
<property name="skip" value="Requires admin authentication">
</property>
</properties>
<skipped>
</skipped>
</testcase>
<testcase name="Admin Pages › Admin Users › should display users list" classname="admin.spec.ts" time="0.253">
<properties>
<property name="skip" value="Requires admin authentication">
</property>
</properties>
<skipped>
</skipped>
</testcase>
<testcase name="Admin Pages › Admin Users › should search users" classname="admin.spec.ts" time="0.273">
<properties>
<property name="skip" value="Requires admin authentication">
</property>
</properties>
<skipped>
</skipped>
</testcase>
<testcase name="Admin Pages › Admin Coupons › should display coupons list" classname="admin.spec.ts" time="0.267">
<properties>
<property name="skip" value="Requires admin authentication">
</property>
</properties>
<skipped>
</skipped>
</testcase>
<testcase name="Admin Pages › Admin Inventory › should display inventory page" classname="admin.spec.ts" time="0.24">
<properties>
<property name="skip" value="Requires admin authentication">
</property>
</properties>
<skipped>
</skipped>
</testcase>
</testsuite>
<testsuite name="auth.spec.ts" timestamp="2026-01-30T08:00:27.975Z" hostname="chromium" tests="15" failures="0" skipped="2" time="23.528" errors="0">
<testcase name="Authentication › Login › should display login page" classname="auth.spec.ts" time="3.038">
</testcase>
<testcase name="Authentication › Login › should have email input field" classname="auth.spec.ts" time="2.999">
</testcase>
<testcase name="Authentication › Login › should have password input field" classname="auth.spec.ts" time="3.035">
</testcase>
<testcase name="Authentication › Login › should have login button" classname="auth.spec.ts" time="3.231">
</testcase>
<testcase name="Authentication › Login › should navigate to signup page" classname="auth.spec.ts" time="3.796">
</testcase>
<testcase name="Authentication › Login › should show validation errors for empty fields" classname="auth.spec.ts" time="1.772">
</testcase>
<testcase name="Authentication › Signup › should display signup page" classname="auth.spec.ts" time="1.011">
</testcase>
<testcase name="Authentication › Signup › should have name input field" classname="auth.spec.ts" time="0.929">
</testcase>
<testcase name="Authentication › Signup › should have email input field" classname="auth.spec.ts" time="0.802">
</testcase>
<testcase name="Authentication › Signup › should have password input field" classname="auth.spec.ts" time="0.632">
</testcase>
<testcase name="Authentication › Signup › should have confirm password field" classname="auth.spec.ts" time="0.579">
</testcase>
<testcase name="Authentication › Signup › should have signup button" classname="auth.spec.ts" time="0.575">
</testcase>
<testcase name="Authentication › My Page (Authenticated) › should redirect to login when accessing my page without auth" classname="auth.spec.ts" time="0.666">
</testcase>
<testcase name="Authentication › My Page (Authenticated) › should display my page when authenticated" classname="auth.spec.ts" time="0.247">
<properties>
<property name="skip" value="Requires authentication setup - implement with test user">
</property>
</properties>
<skipped>
</skipped>
</testcase>
<testcase name="Authentication › My Page (Authenticated) › should logout successfully" classname="auth.spec.ts" time="0.216">
<properties>
<property name="skip" value="Requires authentication setup">
</property>
</properties>
<skipped>
</skipped>
</testcase>
</testsuite>
<testsuite name="cart.spec.ts" timestamp="2026-01-30T08:00:27.975Z" hostname="chromium" tests="7" failures="5" skipped="0" time="82.255" errors="0">
<testcase name="Cart › should display empty cart state" classname="cart.spec.ts" time="1.115">
</testcase>
<testcase name="Cart › should navigate to products when clicking continue shopping" classname="cart.spec.ts" time="1.307">
</testcase>
<testcase name="Cart › should add item to cart and view it" classname="cart.spec.ts" time="16.006">
<failure message="cart.spec.ts:27:7 should add item to cart and view it" type="FAILURE">
<![CDATA[  [chromium] › cart.spec.ts:27:7 › Cart › should add item to cart and view it ──────────────────────

    TimeoutError: page.waitForSelector: Timeout 15000ms exceeded.
    Call log:
      - waiting for locator('[data-testid="products-grid"]') to be visible


      27 |   test('should add item to cart and view it', async ({ page }) => {
      28 |     await page.goto('/products');
    > 29 |     await page.waitForSelector('[data-testid="products-grid"]', { timeout: 15000 });
         |                ^
      30 |
      31 |     const firstProduct = page.locator('[data-testid="product-card"]').first();
      32 |     const isVisible = await firstProduct.isVisible();
        at c:\project\vibeShop-source\tests\e2e\cart.spec.ts:29:16

    attachment #1: screenshot (image/png) ──────────────────────────────────────────────────────────
    ..\..\test-results\cart-Cart-should-add-item-to-cart-and-view-it-chromium\test-failed-1.png
    ────────────────────────────────────────────────────────────────────────────────────────────────

    attachment #2: video (video/webm) ──────────────────────────────────────────────────────────────
    ..\..\test-results\cart-Cart-should-add-item-to-cart-and-view-it-chromium\video.webm
    ────────────────────────────────────────────────────────────────────────────────────────────────

    Error Context: ..\..\test-results\cart-Cart-should-add-item-to-cart-and-view-it-chromium\error-context.md
]]>
</failure>
<system-out>
<![CDATA[
[[ATTACHMENT|test-results\cart-Cart-should-add-item-to-cart-and-view-it-chromium\test-failed-1.png]]

[[ATTACHMENT|test-results\cart-Cart-should-add-item-to-cart-and-view-it-chromium\video.webm]]

[[ATTACHMENT|test-results\cart-Cart-should-add-item-to-cart-and-view-it-chromium\error-context.md]]
]]>
</system-out>
</testcase>
<testcase name="Cart › should update item quantity" classname="cart.spec.ts" time="15.858">
<failure message="cart.spec.ts:66:7 should update item quantity" type="FAILURE">
<![CDATA[  [chromium] › cart.spec.ts:66:7 › Cart › should update item quantity ──────────────────────────────

    TimeoutError: page.waitForSelector: Timeout 15000ms exceeded.
    Call log:
      - waiting for locator('[data-testid="products-grid"]') to be visible


      67 |     // This test requires an item in cart
      68 |     await page.goto('/products');
    > 69 |     await page.waitForSelector('[data-testid="products-grid"]', { timeout: 15000 });
         |                ^
      70 |
      71 |     const firstProduct = page.locator('[data-testid="product-card"]').first();
      72 |     const isVisible = await firstProduct.isVisible();
        at c:\project\vibeShop-source\tests\e2e\cart.spec.ts:69:16

    attachment #1: screenshot (image/png) ──────────────────────────────────────────────────────────
    ..\..\test-results\cart-Cart-should-update-item-quantity-chromium\test-failed-1.png
    ────────────────────────────────────────────────────────────────────────────────────────────────

    attachment #2: video (video/webm) ──────────────────────────────────────────────────────────────
    ..\..\test-results\cart-Cart-should-update-item-quantity-chromium\video.webm
    ────────────────────────────────────────────────────────────────────────────────────────────────

    Error Context: ..\..\test-results\cart-Cart-should-update-item-quantity-chromium\error-context.md
]]>
</failure>
<system-out>
<![CDATA[
[[ATTACHMENT|test-results\cart-Cart-should-update-item-quantity-chromium\test-failed-1.png]]

[[ATTACHMENT|test-results\cart-Cart-should-update-item-quantity-chromium\video.webm]]

[[ATTACHMENT|test-results\cart-Cart-should-update-item-quantity-chromium\error-context.md]]
]]>
</system-out>
</testcase>
<testcase name="Cart › should remove item from cart" classname="cart.spec.ts" time="16.097">
<failure message="cart.spec.ts:98:7 should remove item from cart" type="FAILURE">
<![CDATA[  [chromium] › cart.spec.ts:98:7 › Cart › should remove item from cart ─────────────────────────────

    TimeoutError: page.waitForSelector: Timeout 15000ms exceeded.
    Call log:
      - waiting for locator('[data-testid="products-grid"]') to be visible


       98 |   test('should remove item from cart', async ({ page }) => {
       99 |     await page.goto('/products');
    > 100 |     await page.waitForSelector('[data-testid="products-grid"]', { timeout: 15000 });
          |                ^
      101 |
      102 |     const firstProduct = page.locator('[data-testid="product-card"]').first();
      103 |     const isVisible = await firstProduct.isVisible();
        at c:\project\vibeShop-source\tests\e2e\cart.spec.ts:100:16

    attachment #1: screenshot (image/png) ──────────────────────────────────────────────────────────
    ..\..\test-results\cart-Cart-should-remove-item-from-cart-chromium\test-failed-1.png
    ────────────────────────────────────────────────────────────────────────────────────────────────

    attachment #2: video (video/webm) ──────────────────────────────────────────────────────────────
    ..\..\test-results\cart-Cart-should-remove-item-from-cart-chromium\video.webm
    ────────────────────────────────────────────────────────────────────────────────────────────────

    Error Context: ..\..\test-results\cart-Cart-should-remove-item-from-cart-chromium\error-context.md
]]>
</failure>
<system-out>
<![CDATA[
[[ATTACHMENT|test-results\cart-Cart-should-remove-item-from-cart-chromium\test-failed-1.png]]

[[ATTACHMENT|test-results\cart-Cart-should-remove-item-from-cart-chromium\video.webm]]

[[ATTACHMENT|test-results\cart-Cart-should-remove-item-from-cart-chromium\error-context.md]]
]]>
</system-out>
</testcase>
<testcase name="Cart › should navigate to checkout from cart" classname="cart.spec.ts" time="15.956">
<failure message="cart.spec.ts:129:7 should navigate to checkout from cart" type="FAILURE">
<![CDATA[  [chromium] › cart.spec.ts:129:7 › Cart › should navigate to checkout from cart ───────────────────

    TimeoutError: page.waitForSelector: Timeout 15000ms exceeded.
    Call log:
      - waiting for locator('[data-testid="products-grid"]') to be visible


      129 |   test('should navigate to checkout from cart', async ({ page }) => {
      130 |     await page.goto('/products');
    > 131 |     await page.waitForSelector('[data-testid="products-grid"]', { timeout: 15000 });
          |                ^
      132 |
      133 |     const firstProduct = page.locator('[data-testid="product-card"]').first();
      134 |     const isVisible = await firstProduct.isVisible();
        at c:\project\vibeShop-source\tests\e2e\cart.spec.ts:131:16

    attachment #1: screenshot (image/png) ──────────────────────────────────────────────────────────
    ..\..\test-results\cart-Cart-should-navigate-to-checkout-from-cart-chromium\test-failed-1.png
    ────────────────────────────────────────────────────────────────────────────────────────────────

    attachment #2: video (video/webm) ──────────────────────────────────────────────────────────────
    ..\..\test-results\cart-Cart-should-navigate-to-checkout-from-cart-chromium\video.webm
    ────────────────────────────────────────────────────────────────────────────────────────────────

    Error Context: ..\..\test-results\cart-Cart-should-navigate-to-checkout-from-cart-chromium\error-context.md
]]>
</failure>
<system-out>
<![CDATA[
[[ATTACHMENT|test-results\cart-Cart-should-navigate-to-checkout-from-cart-chromium\test-failed-1.png]]

[[ATTACHMENT|test-results\cart-Cart-should-navigate-to-checkout-from-cart-chromium\video.webm]]

[[ATTACHMENT|test-results\cart-Cart-should-navigate-to-checkout-from-cart-chromium\error-context.md]]
]]>
</system-out>
</testcase>
<testcase name="Cart › should display order summary" classname="cart.spec.ts" time="15.916">
<failure message="cart.spec.ts:157:7 should display order summary" type="FAILURE">
<![CDATA[  [chromium] › cart.spec.ts:157:7 › Cart › should display order summary ────────────────────────────

    TimeoutError: page.waitForSelector: Timeout 15000ms exceeded.
    Call log:
      - waiting for locator('[data-testid="products-grid"]') to be visible


      157 |   test('should display order summary', async ({ page }) => {
      158 |     await page.goto('/products');
    > 159 |     await page.waitForSelector('[data-testid="products-grid"]', { timeout: 15000 });
          |                ^
      160 |
      161 |     const firstProduct = page.locator('[data-testid="product-card"]').first();
      162 |     const isVisible = await firstProduct.isVisible();
        at c:\project\vibeShop-source\tests\e2e\cart.spec.ts:159:16

    attachment #1: screenshot (image/png) ──────────────────────────────────────────────────────────
    ..\..\test-results\cart-Cart-should-display-order-summary-chromium\test-failed-1.png
    ────────────────────────────────────────────────────────────────────────────────────────────────

    attachment #2: video (video/webm) ──────────────────────────────────────────────────────────────
    ..\..\test-results\cart-Cart-should-display-order-summary-chromium\video.webm
    ────────────────────────────────────────────────────────────────────────────────────────────────

    Error Context: ..\..\test-results\cart-Cart-should-display-order-summary-chromium\error-context.md
]]>
</failure>
<system-out>
<![CDATA[
[[ATTACHMENT|test-results\cart-Cart-should-display-order-summary-chromium\test-failed-1.png]]

[[ATTACHMENT|test-results\cart-Cart-should-display-order-summary-chromium\video.webm]]

[[ATTACHMENT|test-results\cart-Cart-should-display-order-summary-chromium\error-context.md]]
]]>
</system-out>
</testcase>
</testsuite>
<testsuite name="checkout.spec.ts" timestamp="2026-01-30T08:00:27.975Z" hostname="chromium" tests="10" failures="7" skipped="3" time="114.903" errors="0">
<testcase name="Checkout › should display checkout page" classname="checkout.spec.ts" time="15.889">
<failure message="checkout.spec.ts:23:7 should display checkout page" type="FAILURE">
<![CDATA[  [chromium] › checkout.spec.ts:23:7 › Checkout › should display checkout page ─────────────────────

    TimeoutError: page.waitForSelector: Timeout 15000ms exceeded.
    Call log:
      - waiting for locator('[data-testid="products-grid"]') to be visible


       5 |     // Add items to cart before each test
       6 |     await page.goto('/products');
    >  7 |     await page.waitForSelector('[data-testid="products-grid"]', { timeout: 15000 });
         |                ^
       8 |
       9 |     const firstProduct = page.locator('[data-testid="product-card"]').first();
      10 |     const isVisible = await firstProduct.isVisible();
        at c:\project\vibeShop-source\tests\e2e\checkout.spec.ts:7:16

    attachment #1: screenshot (image/png) ──────────────────────────────────────────────────────────
    ..\..\test-results\checkout-Checkout-should-display-checkout-page-chromium\test-failed-1.png
    ────────────────────────────────────────────────────────────────────────────────────────────────

    attachment #2: video (video/webm) ──────────────────────────────────────────────────────────────
    ..\..\test-results\checkout-Checkout-should-display-checkout-page-chromium\video.webm
    ────────────────────────────────────────────────────────────────────────────────────────────────

    Error Context: ..\..\test-results\checkout-Checkout-should-display-checkout-page-chromium\error-context.md
]]>
</failure>
<system-out>
<![CDATA[
[[ATTACHMENT|test-results\checkout-Checkout-should-display-checkout-page-chromium\test-failed-1.png]]

[[ATTACHMENT|test-results\checkout-Checkout-should-display-checkout-page-chromium\video.webm]]

[[ATTACHMENT|test-results\checkout-Checkout-should-display-checkout-page-chromium\error-context.md]]
]]>
</system-out>
</testcase>
<testcase name="Checkout › should require authentication for checkout" classname="checkout.spec.ts" time="16.03">
<failure message="checkout.spec.ts:30:7 should require authentication for checkout" type="FAILURE">
<![CDATA[  [chromium] › checkout.spec.ts:30:7 › Checkout › should require authentication for checkout ───────

    TimeoutError: page.waitForSelector: Timeout 15000ms exceeded.
    Call log:
      - waiting for locator('[data-testid="products-grid"]') to be visible


       5 |     // Add items to cart before each test
       6 |     await page.goto('/products');
    >  7 |     await page.waitForSelector('[data-testid="products-grid"]', { timeout: 15000 });
         |                ^
       8 |
       9 |     const firstProduct = page.locator('[data-testid="product-card"]').first();
      10 |     const isVisible = await firstProduct.isVisible();
        at c:\project\vibeShop-source\tests\e2e\checkout.spec.ts:7:16

    attachment #1: screenshot (image/png) ──────────────────────────────────────────────────────────
    ..\..\test-results\checkout-Checkout-should-require-authentication-for-checkout-chromium\test-failed-1.png
    ────────────────────────────────────────────────────────────────────────────────────────────────

    attachment #2: video (video/webm) ──────────────────────────────────────────────────────────────
    ..\..\test-results\checkout-Checkout-should-require-authentication-for-checkout-chromium\video.webm
    ────────────────────────────────────────────────────────────────────────────────────────────────

    Error Context: ..\..\test-results\checkout-Checkout-should-require-authentication-for-checkout-chromium\error-context.md
]]>
</failure>
<system-out>
<![CDATA[
[[ATTACHMENT|test-results\checkout-Checkout-should-require-authentication-for-checkout-chromium\test-failed-1.png]]

[[ATTACHMENT|test-results\checkout-Checkout-should-require-authentication-for-checkout-chromium\video.webm]]

[[ATTACHMENT|test-results\checkout-Checkout-should-require-authentication-for-checkout-chromium\error-context.md]]
]]>
</system-out>
</testcase>
<testcase name="Checkout › should display order summary" classname="checkout.spec.ts" time="16.304">
<failure message="checkout.spec.ts:44:7 should display order summary" type="FAILURE">
<![CDATA[  [chromium] › checkout.spec.ts:44:7 › Checkout › should display order summary ─────────────────────

    TimeoutError: page.waitForSelector: Timeout 15000ms exceeded.
    Call log:
      - waiting for locator('[data-testid="products-grid"]') to be visible


       5 |     // Add items to cart before each test
       6 |     await page.goto('/products');
    >  7 |     await page.waitForSelector('[data-testid="products-grid"]', { timeout: 15000 });
         |                ^
       8 |
       9 |     const firstProduct = page.locator('[data-testid="product-card"]').first();
      10 |     const isVisible = await firstProduct.isVisible();
        at c:\project\vibeShop-source\tests\e2e\checkout.spec.ts:7:16

    attachment #1: screenshot (image/png) ──────────────────────────────────────────────────────────
    ..\..\test-results\checkout-Checkout-should-display-order-summary-chromium\test-failed-1.png
    ────────────────────────────────────────────────────────────────────────────────────────────────

    attachment #2: video (video/webm) ──────────────────────────────────────────────────────────────
    ..\..\test-results\checkout-Checkout-should-display-order-summary-chromium\video.webm
    ────────────────────────────────────────────────────────────────────────────────────────────────

    Error Context: ..\..\test-results\checkout-Checkout-should-display-order-summary-chromium\error-context.md
]]>
</failure>
<system-out>
<![CDATA[
[[ATTACHMENT|test-results\checkout-Checkout-should-display-order-summary-chromium\test-failed-1.png]]

[[ATTACHMENT|test-results\checkout-Checkout-should-display-order-summary-chromium\video.webm]]

[[ATTACHMENT|test-results\checkout-Checkout-should-display-order-summary-chromium\error-context.md]]
]]>
</system-out>
</testcase>
<testcase name="Checkout › should have payment method selection" classname="checkout.spec.ts" time="16.054">
<failure message="checkout.spec.ts:57:7 should have payment method selection" type="FAILURE">
<![CDATA[  [chromium] › checkout.spec.ts:57:7 › Checkout › should have payment method selection ─────────────

    TimeoutError: page.waitForSelector: Timeout 15000ms exceeded.
    Call log:
      - waiting for locator('[data-testid="products-grid"]') to be visible


       5 |     // Add items to cart before each test
       6 |     await page.goto('/products');
    >  7 |     await page.waitForSelector('[data-testid="products-grid"]', { timeout: 15000 });
         |                ^
       8 |
       9 |     const firstProduct = page.locator('[data-testid="product-card"]').first();
      10 |     const isVisible = await firstProduct.isVisible();
        at c:\project\vibeShop-source\tests\e2e\checkout.spec.ts:7:16

    attachment #1: screenshot (image/png) ──────────────────────────────────────────────────────────
    ..\..\test-results\checkout-Checkout-should-have-payment-method-selection-chromium\test-failed-1.png
    ────────────────────────────────────────────────────────────────────────────────────────────────

    attachment #2: video (video/webm) ──────────────────────────────────────────────────────────────
    ..\..\test-results\checkout-Checkout-should-have-payment-method-selection-chromium\video.webm
    ────────────────────────────────────────────────────────────────────────────────────────────────

    Error Context: ..\..\test-results\checkout-Checkout-should-have-payment-method-selection-chromium\error-context.md
]]>
</failure>
<system-out>
<![CDATA[
[[ATTACHMENT|test-results\checkout-Checkout-should-have-payment-method-selection-chromium\test-failed-1.png]]

[[ATTACHMENT|test-results\checkout-Checkout-should-have-payment-method-selection-chromium\video.webm]]

[[ATTACHMENT|test-results\checkout-Checkout-should-have-payment-method-selection-chromium\error-context.md]]
]]>
</system-out>
</testcase>
<testcase name="Checkout › should display terms and conditions checkbox" classname="checkout.spec.ts" time="16.698">
<failure message="checkout.spec.ts:70:7 should display terms and conditions checkbox" type="FAILURE">
<![CDATA[  [chromium] › checkout.spec.ts:70:7 › Checkout › should display terms and conditions checkbox ─────

    TimeoutError: page.waitForSelector: Timeout 15000ms exceeded.
    Call log:
      - waiting for locator('[data-testid="products-grid"]') to be visible


       5 |     // Add items to cart before each test
       6 |     await page.goto('/products');
    >  7 |     await page.waitForSelector('[data-testid="products-grid"]', { timeout: 15000 });
         |                ^
       8 |
       9 |     const firstProduct = page.locator('[data-testid="product-card"]').first();
      10 |     const isVisible = await firstProduct.isVisible();
        at c:\project\vibeShop-source\tests\e2e\checkout.spec.ts:7:16

    attachment #1: screenshot (image/png) ──────────────────────────────────────────────────────────
    ..\..\test-results\checkout-Checkout-should-d-8caf8-rms-and-conditions-checkbox-chromium\test-failed-1.png
    ────────────────────────────────────────────────────────────────────────────────────────────────

    attachment #2: video (video/webm) ──────────────────────────────────────────────────────────────
    ..\..\test-results\checkout-Checkout-should-d-8caf8-rms-and-conditions-checkbox-chromium\video.webm
    ────────────────────────────────────────────────────────────────────────────────────────────────

    Error Context: ..\..\test-results\checkout-Checkout-should-d-8caf8-rms-and-conditions-checkbox-chromium\error-context.md
]]>
</failure>
<system-out>
<![CDATA[
[[ATTACHMENT|test-results\checkout-Checkout-should-d-8caf8-rms-and-conditions-checkbox-chromium\test-failed-1.png]]

[[ATTACHMENT|test-results\checkout-Checkout-should-d-8caf8-rms-and-conditions-checkbox-chromium\video.webm]]

[[ATTACHMENT|test-results\checkout-Checkout-should-d-8caf8-rms-and-conditions-checkbox-chromium\error-context.md]]
]]>
</system-out>
</testcase>
<testcase name="Checkout › should enable checkout button when terms accepted" classname="checkout.spec.ts" time="16.498">
<failure message="checkout.spec.ts:84:7 should enable checkout button when terms accepted" type="FAILURE">
<![CDATA[  [chromium] › checkout.spec.ts:84:7 › Checkout › should enable checkout button when terms accepted 

    TimeoutError: page.waitForSelector: Timeout 15000ms exceeded.
    Call log:
      - waiting for locator('[data-testid="products-grid"]') to be visible


       5 |     // Add items to cart before each test
       6 |     await page.goto('/products');
    >  7 |     await page.waitForSelector('[data-testid="products-grid"]', { timeout: 15000 });
         |                ^
       8 |
       9 |     const firstProduct = page.locator('[data-testid="product-card"]').first();
      10 |     const isVisible = await firstProduct.isVisible();
        at c:\project\vibeShop-source\tests\e2e\checkout.spec.ts:7:16

    attachment #1: screenshot (image/png) ──────────────────────────────────────────────────────────
    ..\..\test-results\checkout-Checkout-should-e-9fe17--button-when-terms-accepted-chromium\test-failed-1.png
    ────────────────────────────────────────────────────────────────────────────────────────────────

    attachment #2: video (video/webm) ──────────────────────────────────────────────────────────────
    ..\..\test-results\checkout-Checkout-should-e-9fe17--button-when-terms-accepted-chromium\video.webm
    ────────────────────────────────────────────────────────────────────────────────────────────────

    Error Context: ..\..\test-results\checkout-Checkout-should-e-9fe17--button-when-terms-accepted-chromium\error-context.md
]]>
</failure>
<system-out>
<![CDATA[
[[ATTACHMENT|test-results\checkout-Checkout-should-e-9fe17--button-when-terms-accepted-chromium\test-failed-1.png]]

[[ATTACHMENT|test-results\checkout-Checkout-should-e-9fe17--button-when-terms-accepted-chromium\video.webm]]

[[ATTACHMENT|test-results\checkout-Checkout-should-e-9fe17--button-when-terms-accepted-chromium\error-context.md]]
]]>
</system-out>
</testcase>
<testcase name="Checkout › should show payment modal when clicking checkout" classname="checkout.spec.ts" time="15.971">
<failure message="checkout.spec.ts:99:7 should show payment modal when clicking checkout" type="FAILURE">
<![CDATA[  [chromium] › checkout.spec.ts:99:7 › Checkout › should show payment modal when clicking checkout ─

    TimeoutError: page.waitForSelector: Timeout 15000ms exceeded.
    Call log:
      - waiting for locator('[data-testid="products-grid"]') to be visible


       5 |     // Add items to cart before each test
       6 |     await page.goto('/products');
    >  7 |     await page.waitForSelector('[data-testid="products-grid"]', { timeout: 15000 });
         |                ^
       8 |
       9 |     const firstProduct = page.locator('[data-testid="product-card"]').first();
      10 |     const isVisible = await firstProduct.isVisible();
        at c:\project\vibeShop-source\tests\e2e\checkout.spec.ts:7:16

    attachment #1: screenshot (image/png) ──────────────────────────────────────────────────────────
    ..\..\test-results\checkout-Checkout-should-s-8b52c-odal-when-clicking-checkout-chromium\test-failed-1.png
    ────────────────────────────────────────────────────────────────────────────────────────────────

    attachment #2: video (video/webm) ──────────────────────────────────────────────────────────────
    ..\..\test-results\checkout-Checkout-should-s-8b52c-odal-when-clicking-checkout-chromium\video.webm
    ────────────────────────────────────────────────────────────────────────────────────────────────

    Error Context: ..\..\test-results\checkout-Checkout-should-s-8b52c-odal-when-clicking-checkout-chromium\error-context.md
]]>
</failure>
<system-out>
<![CDATA[
[[ATTACHMENT|test-results\checkout-Checkout-should-s-8b52c-odal-when-clicking-checkout-chromium\test-failed-1.png]]

[[ATTACHMENT|test-results\checkout-Checkout-should-s-8b52c-odal-when-clicking-checkout-chromium\video.webm]]

[[ATTACHMENT|test-results\checkout-Checkout-should-s-8b52c-odal-when-clicking-checkout-chromium\error-context.md]]
]]>
</system-out>
</testcase>
<testcase name="Checkout Success › should display success page after successful payment" classname="checkout.spec.ts" time="0.472">
<properties>
<property name="skip" value="Requires actual payment flow - skipped">
</property>
</properties>
<skipped>
</skipped>
</testcase>
<testcase name="Checkout Success › should display order details on success page" classname="checkout.spec.ts" time="0.482">
<properties>
<property name="skip" value="Requires actual payment flow - skipped">
</property>
</properties>
<skipped>
</skipped>
</testcase>
<testcase name="Checkout Success › should navigate to downloads from success page" classname="checkout.spec.ts" time="0.505">
<properties>
<property name="skip" value="Requires actual payment flow - skipped">
</property>
</properties>
<skipped>
</skipped>
</testcase>
</testsuite>
<testsuite name="homepage.spec.ts" timestamp="2026-01-30T08:00:27.975Z" hostname="chromium" tests="7" failures="1" skipped="0" time="12.571" errors="0">
<testcase name="Homepage › should load homepage successfully" classname="homepage.spec.ts" time="0.819">
</testcase>
<testcase name="Homepage › should display hero section" classname="homepage.spec.ts" time="0.949">
</testcase>
<testcase name="Homepage › should display CTA buttons" classname="homepage.spec.ts" time="0.8">
</testcase>
<testcase name="Homepage › should navigate to products page when clicking browse button" classname="homepage.spec.ts" time="1.076">
</testcase>
<testcase name="Homepage › should display feature cards" classname="homepage.spec.ts" time="6.163">
<failure message="homepage.spec.ts:29:7 should display feature cards" type="FAILURE">
<![CDATA[  [chromium] › homepage.spec.ts:29:7 › Homepage › should display feature cards ─────────────────────

    Error: expect(locator).toHaveCount(expected) failed

    Locator:  locator('[data-testid="feature-card"]')
    Expected: 3
    Received: 1
    Timeout:  5000ms

    Call log:
      - Expect "toHaveCount" with timeout 5000ms
      - waiting for locator('[data-testid="feature-card"]')
        9 × locator resolved to 1 element
          - unexpected value "1"


      32 |
      33 |     const featureCards = page.locator('[data-testid="feature-card"]');
    > 34 |     await expect(featureCards).toHaveCount(3);
         |                                ^
      35 |   });
      36 |
      37 |   test('should navigate to about page', async ({ page }) => {
        at c:\project\vibeShop-source\tests\e2e\homepage.spec.ts:34:32

    attachment #1: screenshot (image/png) ──────────────────────────────────────────────────────────
    ..\..\test-results\homepage-Homepage-should-display-feature-cards-chromium\test-failed-1.png
    ────────────────────────────────────────────────────────────────────────────────────────────────

    attachment #2: video (video/webm) ──────────────────────────────────────────────────────────────
    ..\..\test-results\homepage-Homepage-should-display-feature-cards-chromium\video.webm
    ────────────────────────────────────────────────────────────────────────────────────────────────

    Error Context: ..\..\test-results\homepage-Homepage-should-display-feature-cards-chromium\error-context.md
]]>
</failure>
<system-out>
<![CDATA[
[[ATTACHMENT|test-results\homepage-Homepage-should-display-feature-cards-chromium\test-failed-1.png]]

[[ATTACHMENT|test-results\homepage-Homepage-should-display-feature-cards-chromium\video.webm]]

[[ATTACHMENT|test-results\homepage-Homepage-should-display-feature-cards-chromium\error-context.md]]
]]>
</system-out>
</testcase>
<testcase name="Homepage › should navigate to about page" classname="homepage.spec.ts" time="1.742">
</testcase>
<testcase name="Homepage › should be responsive on mobile" classname="homepage.spec.ts" time="1.022">
</testcase>
</testsuite>
<testsuite name="navigation.spec.ts" timestamp="2026-01-30T08:00:27.975Z" hostname="chromium" tests="11" failures="0" skipped="0" time="10.273" errors="0">
<testcase name="Navigation › should have working navigation menu" classname="navigation.spec.ts" time="0.663">
</testcase>
<testcase name="Navigation › should navigate to home page" classname="navigation.spec.ts" time="0.893">
</testcase>
<testcase name="Navigation › should navigate to products page" classname="navigation.spec.ts" time="1.029">
</testcase>
<testcase name="Navigation › should navigate to cart page" classname="navigation.spec.ts" time="1.664">
</testcase>
<testcase name="Navigation › should navigate to my page" classname="navigation.spec.ts" time="0.691">
</testcase>
<testcase name="Navigation › should navigate to about page" classname="navigation.spec.ts" time="1.213">
</testcase>
<testcase name="Navigation › should navigate to contact page" classname="navigation.spec.ts" time="1.085">
</testcase>
<testcase name="Mobile Navigation › should have mobile menu button" classname="navigation.spec.ts" time="0.6">
</testcase>
<testcase name="Mobile Navigation › should toggle mobile menu" classname="navigation.spec.ts" time="0.557">
</testcase>
<testcase name="Footer › should display footer" classname="navigation.spec.ts" time="0.909">
</testcase>
<testcase name="Footer › should have links to legal pages" classname="navigation.spec.ts" time="0.969">
</testcase>
</testsuite>
<testsuite name="products.spec.ts" timestamp="2026-01-30T08:00:27.975Z" hostname="chromium" tests="12" failures="6" skipped="0" time="83.774" errors="0">
<testcase name="Products › should load products page" classname="products.spec.ts" time="0.907">
</testcase>
<testcase name="Products › should display products grid" classname="products.spec.ts" time="5.819">
<failure message="products.spec.ts:13:7 should display products grid" type="FAILURE">
<![CDATA[  [chromium] › products.spec.ts:13:7 › Products › should display products grid ─────────────────────

    Error: expect(locator).toBeVisible() failed

    Locator: locator('[data-testid="products-grid"]')
    Expected: visible
    Timeout: 5000ms
    Error: element(s) not found

    Call log:
      - Expect "toBeVisible" with timeout 5000ms
      - waiting for locator('[data-testid="products-grid"]')


      13 |   test('should display products grid', async ({ page }) => {
      14 |     const grid = page.locator('[data-testid="products-grid"]');
    > 15 |     await expect(grid).toBeVisible();
         |                        ^
      16 |   });
      17 |
      18 |   test('should display category filter sidebar', async ({ page }) => {
        at c:\project\vibeShop-source\tests\e2e\products.spec.ts:15:24

    attachment #1: screenshot (image/png) ──────────────────────────────────────────────────────────
    ..\..\test-results\products-Products-should-display-products-grid-chromium\test-failed-1.png
    ────────────────────────────────────────────────────────────────────────────────────────────────

    attachment #2: video (video/webm) ──────────────────────────────────────────────────────────────
    ..\..\test-results\products-Products-should-display-products-grid-chromium\video.webm
    ────────────────────────────────────────────────────────────────────────────────────────────────

    Error Context: ..\..\test-results\products-Products-should-display-products-grid-chromium\error-context.md
]]>
</failure>
<system-out>
<![CDATA[
[[ATTACHMENT|test-results\products-Products-should-display-products-grid-chromium\test-failed-1.png]]

[[ATTACHMENT|test-results\products-Products-should-display-products-grid-chromium\video.webm]]

[[ATTACHMENT|test-results\products-Products-should-display-products-grid-chromium\error-context.md]]
]]>
</system-out>
</testcase>
<testcase name="Products › should display category filter sidebar" classname="products.spec.ts" time="0.749">
</testcase>
<testcase name="Products › should display sort dropdown" classname="products.spec.ts" time="0.731">
</testcase>
<testcase name="Products › should filter by category" classname="products.spec.ts" time="6.796">
<failure message="products.spec.ts:32:7 should filter by category" type="FAILURE">
<![CDATA[  [chromium] › products.spec.ts:32:7 › Products › should filter by category ────────────────────────

    Error: expect(page).toHaveURL(expected) failed

    Expected pattern: /category=/
    Received string:  "https://vibe-shop-swart.vercel.app/products"
    Timeout: 5000ms

    Call log:
      - Expect "toHaveURL" with timeout 5000ms
        9 × unexpected value "https://vibe-shop-swart.vercel.app/products"


      48 |
      49 |     // Verify URL update
    > 50 |     await expect(page).toHaveURL(/category=/);
         |                        ^
      51 |   });
      52 |
      53 |   test('should sort by price ascending', async ({ page }) => {
        at c:\project\vibeShop-source\tests\e2e\products.spec.ts:50:24

    attachment #1: screenshot (image/png) ──────────────────────────────────────────────────────────
    ..\..\test-results\products-Products-should-filter-by-category-chromium\test-failed-1.png
    ────────────────────────────────────────────────────────────────────────────────────────────────

    attachment #2: video (video/webm) ──────────────────────────────────────────────────────────────
    ..\..\test-results\products-Products-should-filter-by-category-chromium\video.webm
    ────────────────────────────────────────────────────────────────────────────────────────────────

    Error Context: ..\..\test-results\products-Products-should-filter-by-category-chromium\error-context.md
]]>
</failure>
<system-out>
<![CDATA[
[[ATTACHMENT|test-results\products-Products-should-filter-by-category-chromium\test-failed-1.png]]

[[ATTACHMENT|test-results\products-Products-should-filter-by-category-chromium\video.webm]]

[[ATTACHMENT|test-results\products-Products-should-filter-by-category-chromium\error-context.md]]
]]>
</system-out>
</testcase>
<testcase name="Products › should sort by price ascending" classname="products.spec.ts" time="2.236">
</testcase>
<testcase name="Products › should sort by price descending" classname="products.spec.ts" time="2.465">
</testcase>
<testcase name="Products › should handle empty state gracefully" classname="products.spec.ts" time="0.58">
</testcase>
<testcase name="Product Detail › should navigate to product detail from products list" classname="products.spec.ts" time="15.592">
<failure message="products.spec.ts:80:7 should navigate to product detail from products list" type="FAILURE">
<![CDATA[  [chromium] › products.spec.ts:80:7 › Product Detail › should navigate to product detail from products list 

    TimeoutError: page.waitForSelector: Timeout 15000ms exceeded.
    Call log:
      - waiting for locator('[data-testid="products-grid"]') to be visible


      82 |
      83 |     // Wait for products to load
    > 84 |     await page.waitForSelector('[data-testid="products-grid"]', { timeout: 15000 });
         |                ^
      85 |
      86 |     // Click on first product card
      87 |     const firstProduct = page.locator('[data-testid="product-card"]').first();
        at c:\project\vibeShop-source\tests\e2e\products.spec.ts:84:16

    attachment #1: screenshot (image/png) ──────────────────────────────────────────────────────────
    ..\..\test-results\products-Product-Detail-sh-6f099-t-detail-from-products-list-chromium\test-failed-1.png
    ────────────────────────────────────────────────────────────────────────────────────────────────

    attachment #2: video (video/webm) ──────────────────────────────────────────────────────────────
    ..\..\test-results\products-Product-Detail-sh-6f099-t-detail-from-products-list-chromium\video.webm
    ────────────────────────────────────────────────────────────────────────────────────────────────

    Error Context: ..\..\test-results\products-Product-Detail-sh-6f099-t-detail-from-products-list-chromium\error-context.md
]]>
</failure>
<system-out>
<![CDATA[
[[ATTACHMENT|test-results\products-Product-Detail-sh-6f099-t-detail-from-products-list-chromium\test-failed-1.png]]

[[ATTACHMENT|test-results\products-Product-Detail-sh-6f099-t-detail-from-products-list-chromium\video.webm]]

[[ATTACHMENT|test-results\products-Product-Detail-sh-6f099-t-detail-from-products-list-chromium\error-context.md]]
]]>
</system-out>
</testcase>
<testcase name="Product Detail › should display product information" classname="products.spec.ts" time="15.862">
<failure message="products.spec.ts:100:7 should display product information" type="FAILURE">
<![CDATA[  [chromium] › products.spec.ts:100:7 › Product Detail › should display product information ────────

    TimeoutError: page.waitForSelector: Timeout 15000ms exceeded.
    Call log:
      - waiting for locator('[data-testid="products-grid"]') to be visible


      101 |     // Go to products page and get first product link
      102 |     await page.goto('/products');
    > 103 |     await page.waitForSelector('[data-testid="products-grid"]', { timeout: 15000 });
          |                ^
      104 |
      105 |     const firstProduct = page.locator('[data-testid="product-card"]').first();
      106 |     const isVisible = await firstProduct.isVisible();
        at c:\project\vibeShop-source\tests\e2e\products.spec.ts:103:16

    attachment #1: screenshot (image/png) ──────────────────────────────────────────────────────────
    ..\..\test-results\products-Product-Detail-should-display-product-information-chromium\test-failed-1.png
    ────────────────────────────────────────────────────────────────────────────────────────────────

    attachment #2: video (video/webm) ──────────────────────────────────────────────────────────────
    ..\..\test-results\products-Product-Detail-should-display-product-information-chromium\video.webm
    ────────────────────────────────────────────────────────────────────────────────────────────────

    Error Context: ..\..\test-results\products-Product-Detail-should-display-product-information-chromium\error-context.md
]]>
</failure>
<system-out>
<![CDATA[
[[ATTACHMENT|test-results\products-Product-Detail-should-display-product-information-chromium\test-failed-1.png]]

[[ATTACHMENT|test-results\products-Product-Detail-should-display-product-information-chromium\video.webm]]

[[ATTACHMENT|test-results\products-Product-Detail-should-display-product-information-chromium\error-context.md]]
]]>
</system-out>
</testcase>
<testcase name="Product Detail › should add product to cart" classname="products.spec.ts" time="15.991">
<failure message="products.spec.ts:123:7 should add product to cart" type="FAILURE">
<![CDATA[  [chromium] › products.spec.ts:123:7 › Product Detail › should add product to cart ────────────────

    TimeoutError: page.waitForSelector: Timeout 15000ms exceeded.
    Call log:
      - waiting for locator('[data-testid="products-grid"]') to be visible


      123 |   test('should add product to cart', async ({ page }) => {
      124 |     await page.goto('/products');
    > 125 |     await page.waitForSelector('[data-testid="products-grid"]', { timeout: 15000 });
          |                ^
      126 |
      127 |     const firstProduct = page.locator('[data-testid="product-card"]').first();
      128 |     const isVisible = await firstProduct.isVisible();
        at c:\project\vibeShop-source\tests\e2e\products.spec.ts:125:16

    attachment #1: screenshot (image/png) ──────────────────────────────────────────────────────────
    ..\..\test-results\products-Product-Detail-should-add-product-to-cart-chromium\test-failed-1.png
    ────────────────────────────────────────────────────────────────────────────────────────────────

    attachment #2: video (video/webm) ──────────────────────────────────────────────────────────────
    ..\..\test-results\products-Product-Detail-should-add-product-to-cart-chromium\video.webm
    ────────────────────────────────────────────────────────────────────────────────────────────────

    Error Context: ..\..\test-results\products-Product-Detail-should-add-product-to-cart-chromium\error-context.md
]]>
</failure>
<system-out>
<![CDATA[
[[ATTACHMENT|test-results\products-Product-Detail-should-add-product-to-cart-chromium\test-failed-1.png]]

[[ATTACHMENT|test-results\products-Product-Detail-should-add-product-to-cart-chromium\video.webm]]

[[ATTACHMENT|test-results\products-Product-Detail-should-add-product-to-cart-chromium\error-context.md]]
]]>
</system-out>
</testcase>
<testcase name="Product Detail › should display product images" classname="products.spec.ts" time="16.046">
<failure message="products.spec.ts:145:7 should display product images" type="FAILURE">
<![CDATA[  [chromium] › products.spec.ts:145:7 › Product Detail › should display product images ─────────────

    TimeoutError: page.waitForSelector: Timeout 15000ms exceeded.
    Call log:
      - waiting for locator('[data-testid="products-grid"]') to be visible


      145 |   test('should display product images', async ({ page }) => {
      146 |     await page.goto('/products');
    > 147 |     await page.waitForSelector('[data-testid="products-grid"]', { timeout: 15000 });
          |                ^
      148 |
      149 |     const firstProduct = page.locator('[data-testid="product-card"]').first();
      150 |     const isVisible = await firstProduct.isVisible();
        at c:\project\vibeShop-source\tests\e2e\products.spec.ts:147:16

    attachment #1: screenshot (image/png) ──────────────────────────────────────────────────────────
    ..\..\test-results\products-Product-Detail-should-display-product-images-chromium\test-failed-1.png
    ────────────────────────────────────────────────────────────────────────────────────────────────

    attachment #2: video (video/webm) ──────────────────────────────────────────────────────────────
    ..\..\test-results\products-Product-Detail-should-display-product-images-chromium\video.webm
    ────────────────────────────────────────────────────────────────────────────────────────────────

    Error Context: ..\..\test-results\products-Product-Detail-should-display-product-images-chromium\error-context.md
]]>
</failure>
<system-out>
<![CDATA[
[[ATTACHMENT|test-results\products-Product-Detail-should-display-product-images-chromium\test-failed-1.png]]

[[ATTACHMENT|test-results\products-Product-Detail-should-display-product-images-chromium\video.webm]]

[[ATTACHMENT|test-results\products-Product-Detail-should-display-product-images-chromium\error-context.md]]
]]>
</system-out>
</testcase>
</testsuite>
</testsuites>